<?xml version="1.0" encoding="UTF-8"?>
<!-- Generated by org.testng.reporters.JUnitReportReporter -->
<testsuite skipped="0" hostname="LAPTOP-JSKPDR2E" name="com.comcast.orgtest.OrgTest" tests="3" failures="0" timestamp="22 Sep 2021 08:40:51 GMT" time="0.012" errors="0">
  <testcase name="createOrganizationWithIndustryTest" time="0.002" classname="com.comcast.orgtest.OrgTest"/>
  <testcase name="deleteOrganizationTest" time="0.001" classname="com.comcast.orgtest.OrgTest"/>
  <testcase name="CreateOrganizationTest" time="0.009" classname="com.comcast.orgtest.OrgTest"/>
</testsuite> <!-- com.comcast.orgtest.OrgTest -->
