<?xml version="1.0" encoding="UTF-8"?>
<!-- Generated by org.testng.reporters.JUnitReportReporter -->
<testsuite skipped="0" hostname="LAPTOP-JSKPDR2E" name="com.crm.contact.test.ContactTest" tests="3" failures="0" timestamp="22 Sep 2021 08:40:51 GMT" time="0.006" errors="0">
  <testcase name="createContactWithOrgTest" time="0.001" classname="com.crm.contact.test.ContactTest"/>
  <testcase name="deleteContactTest" time="0.002" classname="com.crm.contact.test.ContactTest"/>
  <testcase name="CreateContactTest" time="0.003" classname="com.crm.contact.test.ContactTest"/>
</testsuite> <!-- com.crm.contact.test.ContactTest -->
