<?xml version="1.0" encoding="UTF-8"?>
<!-- Generated by org.testng.reporters.JUnitReportReporter -->
<testsuite skipped="0" hostname="LAPTOP-JSKPDR2E" name="practice.DynamicWebTable" tests="1" failures="0" timestamp="2021-09-07T17:55:40 IST" time="16.729" errors="0">
  <testcase name="handlingDynamicWebtable" time="16.729" classname="practice.DynamicWebTable"/>
  <system-out/>
</testsuite> <!-- practice.DynamicWebTable -->
