<?xml version="1.0" encoding="UTF-8"?>
<!-- Generated by org.testng.reporters.JUnitReportReporter -->
<testsuite skipped="0" hostname="LAPTOP-JSKPDR2E" name="com.crm.autodesk.Vtiger.Tests.TC_01_CreateContactWithOrganizationtest" tests="1" failures="0" timestamp="2021-09-09T16:18:39 IST" time="30.274" errors="0">
  <testcase name="createContactWithOrganizationTest" time="30.274" classname="com.crm.autodesk.Vtiger.Tests.TC_01_CreateContactWithOrganizationtest"/>
  <system-out/>
</testsuite> <!-- com.crm.autodesk.Vtiger.Tests.TC_01_CreateContactWithOrganizationtest -->
