<?xml version="1.0" encoding="UTF-8"?>
<!-- Generated by org.testng.reporters.JUnitReportReporter -->
<testsuite skipped="0" hostname="LAPTOP-JSKPDR2E" name="practice.Select_Fifth_Checkbox" tests="1" failures="0" timestamp="2021-09-07T23:29:42 IST" time="15.659" errors="0">
  <testcase name="selectFifthCheckbox" time="15.659" classname="practice.Select_Fifth_Checkbox"/>
  <system-out/>
</testsuite> <!-- practice.Select_Fifth_Checkbox -->
