<?xml version="1.0" encoding="UTF-8"?>
<!-- Generated by org.testng.reporters.JUnitReportReporter -->
<testsuite skipped="0" hostname="LAPTOP-JSKPDR2E" name="practice.ReadXml" tests="1" failures="0" timestamp="2021-09-07T14:13:45 IST" time="0.009" errors="0">
  <testcase name="readxml" time="0.009" classname="practice.ReadXml"/>
  <system-out/>
</testsuite> <!-- practice.ReadXml -->
