<?xml version="1.0" encoding="UTF-8"?>
<!-- Generated by org.testng.reporters.JUnitReportReporter -->
<testsuite skipped="0" hostname="LAPTOP-JSKPDR2E" name="practice.To_Select_last_Checkbox" tests="1" failures="0" timestamp="2021-09-07T23:03:57 IST" time="15.701" errors="0">
  <testcase name="selectLastCheckbox" time="15.701" classname="practice.To_Select_last_Checkbox"/>
  <system-out/>
</testsuite> <!-- practice.To_Select_last_Checkbox -->
