<?xml version="1.0" encoding="UTF-8"?>
<!-- Generated by org.testng.reporters.JUnitReportReporter -->
<testsuite skipped="0" hostname="LAPTOP-JSKPDR2E" name="com.crm.autodesk.OrganizationTest.TC_05_CreateOrganizationWithTypeTest" tests="1" failures="0" timestamp="2021-09-17T17:19:03 IST" time="22.165" errors="0">
  <testcase name="createOrganizationWithTypeTest" time="22.165" classname="com.crm.autodesk.OrganizationTest.TC_05_CreateOrganizationWithTypeTest"/>
  <system-out/>
</testsuite> <!-- com.crm.autodesk.OrganizationTest.TC_05_CreateOrganizationWithTypeTest -->
