<?xml version="1.0" encoding="UTF-8"?>
<!-- Generated by org.testng.reporters.JUnitReportReporter -->
<testsuite skipped="0" hostname="LAPTOP-JSKPDR2E" name="com.crm.autodesk.Vtiger.Tests.TC_03_CreateOrganizationWithIndustrytest" tests="1" failures="0" timestamp="2021-09-09T16:23:04 IST" time="28.817" errors="0">
  <testcase name="createOrganizationWithIndustryTest" time="28.817" classname="com.crm.autodesk.Vtiger.Tests.TC_03_CreateOrganizationWithIndustrytest"/>
  <system-out/>
</testsuite> <!-- com.crm.autodesk.Vtiger.Tests.TC_03_CreateOrganizationWithIndustrytest -->
