<?xml version="1.0" encoding="UTF-8"?>
<!-- Generated by org.testng.reporters.JUnitReportReporter -->
<testsuite skipped="0" hostname="LAPTOP-JSKPDR2E" name="com.crm.autodesk.Vtiger.Tests.TC_02_CreateOrganizationtest" tests="1" failures="0" timestamp="2021-09-09T16:20:33 IST" time="29.012" errors="0">
  <testcase name="createOrganizationTest" time="29.012" classname="com.crm.autodesk.Vtiger.Tests.TC_02_CreateOrganizationtest"/>
  <system-out/>
</testsuite> <!-- com.crm.autodesk.Vtiger.Tests.TC_02_CreateOrganizationtest -->
