<?xml version="1.0" encoding="UTF-8"?>
<!-- Generated by org.testng.reporters.JUnitReportReporter -->
<testsuite skipped="0" hostname="LAPTOP-JSKPDR2E" name="practice.LoginPractice" tests="1" failures="0" timestamp="2021-09-12T14:05:40 IST" time="10.923" errors="0">
  <testcase name="loginPractice" time="10.923" classname="practice.LoginPractice"/>
  <system-out/>
</testsuite> <!-- practice.LoginPractice -->
