<?xml version="1.0" encoding="UTF-8"?>
<!-- Generated by org.testng.reporters.JUnitReportReporter -->
<testsuite skipped="0" hostname="LAPTOP-JSKPDR2E" name="com.crm.autodesk.Vtiger.Tests.TC_04_CreateProductAndVerifyWithPartNumbertest" tests="1" failures="0" timestamp="2021-09-09T16:24:08 IST" time="26.972" errors="0">
  <testcase name="createProductAndVerifyWithPartNumberTest" time="26.972" classname="com.crm.autodesk.Vtiger.Tests.TC_04_CreateProductAndVerifyWithPartNumbertest"/>
  <system-out/>
</testsuite> <!-- com.crm.autodesk.Vtiger.Tests.TC_04_CreateProductAndVerifyWithPartNumbertest -->
