<?xml version="1.0" encoding="UTF-8"?>
<!-- Generated by org.testng.reporters.JUnitReportReporter -->
<testsuite skipped="0" hostname="LAPTOP-JSKPDR2E" name="com.crm.autodesk.Contacts.Tests.Tc_02_CreateOrganizationtest" tests="1" failures="0" timestamp="2021-09-08T18:29:19 IST" time="10.255" errors="0">
  <testcase name="createOrganizationTest" time="10.255" classname="com.crm.autodesk.Contacts.Tests.Tc_02_CreateOrganizationtest"/>
  <system-out/>
</testsuite> <!-- com.crm.autodesk.Contacts.Tests.Tc_02_CreateOrganizationtest -->
