<?xml version="1.0" encoding="UTF-8"?>
<!-- Generated by org.testng.reporters.JUnitReportReporter -->
<testsuite skipped="0" hostname="LAPTOP-JSKPDR2E" name="practice.Print_all_the_Organization_names" tests="1" failures="0" timestamp="2021-09-07T23:37:22 IST" time="17.427" errors="0">
  <testcase name="printAllOrganizationNames" time="17.427" classname="practice.Print_all_the_Organization_names"/>
  <system-out/>
</testsuite> <!-- practice.Print_all_the_Organization_names -->
